AlexChat/app/build/outputs/logs/manifest-merger-debug-report.txt
-- Merging decision tree log ---
manifest
ADDED from src\main\AndroidManifest.xml:2:1-227:12
	package
		ADDED from src\main\AndroidManifest.xml:3:5-32
		INJECTED from src\main\AndroidManifest.xml
		INJECTED from src\main\AndroidManifest.xml
	android:versionName
		ADDED from src\main\AndroidManifest.xml:7:5-30
		INJECTED from src\main\AndroidManifest.xml
		INJECTED from src\main\AndroidManifest.xml
	xmlns:tools
		ADDED from src\main\AndroidManifest.xml:5:5-51
	android:versionCode
		ADDED from src\main\AndroidManifest.xml:6:5-28
		INJECTED from src\main\AndroidManifest.xml
		INJECTED from src\main\AndroidManifest.xml
	xmlns:android
		ADDED from src\main\AndroidManifest.xml:4:5-63
uses-sdk
ADDED from src\main\AndroidManifest.xml:9:5-12:38
MERGED from [com.android.support:recyclerview-v7:23.1.1] AndroidManifest.xml:20:5-43
MERGED from [com.android.support:support-v4:23.1.1] AndroidManifest.xml:20:5-43
MERGED from [AlexChat:IMKit:unspecified] AndroidManifest.xml:7:5-9:41
	android:targetSdkVersion
		ADDED from src\main\AndroidManifest.xml:11:9-38
		INJECTED from src\main\AndroidManifest.xml
		INJECTED from src\main\AndroidManifest.xml
	tools:ignore
		ADDED from src\main\AndroidManifest.xml:12:9-36
	android:minSdkVersion
		ADDED from src\main\AndroidManifest.xml:10:9-35
		INJECTED from src\main\AndroidManifest.xml
		INJECTED from src\main\AndroidManifest.xml
supports-screens
ADDED from src\main\AndroidManifest.xml:13:5-19:41
	android:largeScreens
		ADDED from src\main\AndroidManifest.xml:15:9-36
	android:smallScreens
		ADDED from src\main\AndroidManifest.xml:17:9-36
	android:normalScreens
		ADDED from src\main\AndroidManifest.xml:16:9-37
	android:xlargeScreens
		ADDED from src\main\AndroidManifest.xml:18:9-37
	tools:ignore
		ADDED from src\main\AndroidManifest.xml:19:9-39
	android:anyDensity
		ADDED from src\main\AndroidManifest.xml:14:9-34
uses-permission#android.permission.RECEIVE_BOOT_COMPLETED
ADDED from src\main\AndroidManifest.xml:21:5-80
	android:name
		ADDED from src\main\AndroidManifest.xml:21:22-78
uses-permission#android.permission.READ_PHONE_STATE
ADDED from src\main\AndroidManifest.xml:22:5-74
	android:name
		ADDED from src\main\AndroidManifest.xml:22:22-72
uses-permission#android.permission.WRITE_EXTERNAL_STORAGE
ADDED from src\main\AndroidManifest.xml:23:5-80
	android:name
		ADDED from src\main\AndroidManifest.xml:23:22-78
uses-permission#android.permission.INTERNET
ADDED from src\main\AndroidManifest.xml:24:5-66
	android:name
		ADDED from src\main\AndroidManifest.xml:24:22-64
uses-permission#android.permission.ACCESS_NETWORK_STATE
ADDED from src\main\AndroidManifest.xml:25:5-78
	android:name
		ADDED from src\main\AndroidManifest.xml:25:22-76
uses-permission#android.permission.ACCESS_WIFI_STATE
ADDED from src\main\AndroidManifest.xml:26:5-75
	android:name
		ADDED from src\main\AndroidManifest.xml:26:22-73
uses-permission#android.permission.RECORD_AUDIO
ADDED from src\main\AndroidManifest.xml:28:5-70
	android:name
		ADDED from src\main\AndroidManifest.xml:28:22-68
uses-permission#android.permission.GET_TASKS
ADDED from src\main\AndroidManifest.xml:29:5-67
	android:name
		ADDED from src\main\AndroidManifest.xml:29:22-65
uses-permission#android.permission.WAKE_LOCK
ADDED from src\main\AndroidManifest.xml:30:5-67
	android:name
		ADDED from src\main\AndroidManifest.xml:30:22-65
uses-permission#android.permission.MODIFY_AUDIO_SETTINGS
ADDED from src\main\AndroidManifest.xml:31:5-79
	android:name
		ADDED from src\main\AndroidManifest.xml:31:22-77
uses-permission#android.permission.VIBRATE
ADDED from src\main\AndroidManifest.xml:32:5-65
	android:name
		ADDED from src\main\AndroidManifest.xml:32:22-63
uses-permission#android.permission.SYSTEM_ALERT_WINDOW
ADDED from src\main\AndroidManifest.xml:35:5-77
	android:name
		ADDED from src\main\AndroidManifest.xml:35:22-75
uses-permission#android.permission.CAMERA
ADDED from src\main\AndroidManifest.xml:38:5-64
	android:name
		ADDED from src\main\AndroidManifest.xml:38:22-62
uses-permission#android.permission.MOUNT_UNMOUNT_FILESYSTEMS
ADDED from src\main\AndroidManifest.xml:39:5-83
	android:name
		ADDED from src\main\AndroidManifest.xml:39:22-81
uses-permission#android.permission.MOUNT_FORMAT_FILESYSTEMS
ADDED from src\main\AndroidManifest.xml:40:5-82
	android:name
		ADDED from src\main\AndroidManifest.xml:40:22-80
uses-permission#android.permission.INTERACT_ACROSS_USERS_FULL
ADDED from src\main\AndroidManifest.xml:43:5-84
	android:name
		ADDED from src\main\AndroidManifest.xml:43:22-82
uses-permission#android.permission.ACCESS_COARSE_LOCATION
ADDED from src\main\AndroidManifest.xml:47:5-80
	android:name
		ADDED from src\main\AndroidManifest.xml:47:22-78
uses-permission#android.permission.WRITE_SETTINGS
ADDED from src\main\AndroidManifest.xml:64:5-72
	android:name
		ADDED from src\main\AndroidManifest.xml:64:22-70
uses-permission#android.permission.ACCESS_FINE_LOCATION
ADDED from src\main\AndroidManifest.xml:72:5-78
	android:name
		ADDED from src\main\AndroidManifest.xml:72:22-76
uses-permission#android.permission.CHANGE_WIFI_STATE
ADDED from src\main\AndroidManifest.xml:74:5-75
	android:name
		ADDED from src\main\AndroidManifest.xml:74:22-73
uses-permission#android.permission.CHANGE_CONFIGURATION
ADDED from src\main\AndroidManifest.xml:76:5-78
	android:name
		ADDED from src\main\AndroidManifest.xml:76:22-76
uses-permission#android.permission.READ_EXTERNAL_STORAGE
ADDED from src\main\AndroidManifest.xml:79:5-79
	android:name
		ADDED from src\main\AndroidManifest.xml:79:22-77
application
ADDED from src\main\AndroidManifest.xml:82:5-225:19
MERGED from [com.android.support:support-v4:23.1.1] AndroidManifest.xml:22:5-20
MERGED from [AlexChat:IMKit:unspecified] AndroidManifest.xml:11:5-12:19
	android:label
		ADDED from src\main\AndroidManifest.xml:86:9-41
	android:allowBackup
		ADDED from src\main\AndroidManifest.xml:84:9-35
	android:icon
		ADDED from src\main\AndroidManifest.xml:85:9-45
	android:theme
		ADDED from src\main\AndroidManifest.xml:87:9-62
	android:name
		ADDED from src\main\AndroidManifest.xml:83:9-52
activity#com.alex.alexchat.activity.MainActivity
ADDED from src\main\AndroidManifest.xml:88:9-99:20
	android:screenOrientation
		ADDED from src\main\AndroidManifest.xml:93:13-49
	android:label
		ADDED from src\main\AndroidManifest.xml:90:13-45
	android:launchMode
		ADDED from src\main\AndroidManifest.xml:91:13-43
	android:theme
		ADDED from src\main\AndroidManifest.xml:92:13-69
	android:name
		ADDED from src\main\AndroidManifest.xml:89:13-50
intent-filter#android.intent.action.MAIN+android.intent.category.LAUNCHER
ADDED from src\main\AndroidManifest.xml:94:13-98:29
action#android.intent.action.MAIN
ADDED from src\main\AndroidManifest.xml:95:17-68
	android:name
		ADDED from src\main\AndroidManifest.xml:95:25-66
category#android.intent.category.LAUNCHER
ADDED from src\main\AndroidManifest.xml:97:17-76
	android:name
		ADDED from src\main\AndroidManifest.xml:97:27-74
activity#com.alex.alexchat.activity.chatroom.ChatRoomActivity
ADDED from src\main\AndroidManifest.xml:100:9-103:51
	android:screenOrientation
		ADDED from src\main\AndroidManifest.xml:103:13-49
	android:launchMode
		ADDED from src\main\AndroidManifest.xml:102:13-43
	android:name
		ADDED from src\main\AndroidManifest.xml:101:13-63
activity#com.alex.alexchat.activity.adduser.LoginActivity
ADDED from src\main\AndroidManifest.xml:104:9-107:51
	android:screenOrientation
		ADDED from src\main\AndroidManifest.xml:107:13-49
	android:launchMode
		ADDED from src\main\AndroidManifest.xml:106:13-43
	android:name
		ADDED from src\main\AndroidManifest.xml:105:13-59
activity#com.alex.alexchat.activity.adduser.RegisterActivity
ADDED from src\main\AndroidManifest.xml:108:9-111:51
	android:screenOrientation
		ADDED from src\main\AndroidManifest.xml:111:13-49
	android:launchMode
		ADDED from src\main\AndroidManifest.xml:110:13-43
	android:name
		ADDED from src\main\AndroidManifest.xml:109:13-62
activity#com.alex.alexchat.activity.chatroom.SingleChatActivity
ADDED from src\main\AndroidManifest.xml:112:9-117:74
	android:screenOrientation
		ADDED from src\main\AndroidManifest.xml:116:13-49
	android:launchMode
		ADDED from src\main\AndroidManifest.xml:115:13-43
	android:windowSoftInputMode
		ADDED from src\main\AndroidManifest.xml:117:13-72
	android:configChanges
		ADDED from src\main\AndroidManifest.xml:114:13-63
	android:name
		ADDED from src\main\AndroidManifest.xml:113:13-65
activity#com.alex.alexchat.activity.PhotoActivity
ADDED from src\main\AndroidManifest.xml:118:9-122:79
	android:screenOrientation
		ADDED from src\main\AndroidManifest.xml:121:13-49
	android:launchMode
		ADDED from src\main\AndroidManifest.xml:120:13-43
	android:theme
		ADDED from src\main\AndroidManifest.xml:122:13-77
	android:name
		ADDED from src\main\AndroidManifest.xml:119:13-51
activity#com.alex.alexchat.activity.LocationActivity
ADDED from src\main\AndroidManifest.xml:123:9-126:51
	android:screenOrientation
		ADDED from src\main\AndroidManifest.xml:126:13-49
	android:launchMode
		ADDED from src\main\AndroidManifest.xml:125:13-43
	android:name
		ADDED from src\main\AndroidManifest.xml:124:13-54
activity#com.alex.alexchat.activity.StartSelfActivity
ADDED from src\main\AndroidManifest.xml:127:9-130:51
	android:screenOrientation
		ADDED from src\main\AndroidManifest.xml:130:13-49
	android:launchMode
		ADDED from src\main\AndroidManifest.xml:129:13-43
	android:name
		ADDED from src\main\AndroidManifest.xml:128:13-55
service#github.common.rongim.RongService
ADDED from src\main\AndroidManifest.xml:132:9-140:19
	android:enabled
		ADDED from src\main\AndroidManifest.xml:134:13-35
	android:name
		ADDED from src\main\AndroidManifest.xml:133:13-60
intent-filter#github.common.rongim.RongService
ADDED from src\main\AndroidManifest.xml:136:13-138:29
action#github.common.rongim.RongService
ADDED from src\main\AndroidManifest.xml:137:17-74
	android:name
		ADDED from src\main\AndroidManifest.xml:137:25-72
activity#github.nereo.MultiImageSelectorActivity
ADDED from src\main\AndroidManifest.xml:144:9-147:51
	android:screenOrientation
		ADDED from src\main\AndroidManifest.xml:147:13-49
	android:launchMode
		ADDED from src\main\AndroidManifest.xml:146:13-43
	android:name
		ADDED from src\main\AndroidManifest.xml:145:13-67
activity#github.ereza.ErrorActivity
ADDED from src\main\AndroidManifest.xml:150:9-153:51
	android:screenOrientation
		ADDED from src\main\AndroidManifest.xml:153:13-49
	android:launchMode
		ADDED from src\main\AndroidManifest.xml:152:13-43
	android:name
		ADDED from src\main\AndroidManifest.xml:151:13-54
meta-data#RONG_CLOUD_APP_KEY
ADDED from src\main\AndroidManifest.xml:156:9-158:44
	android:value
		ADDED from src\main\AndroidManifest.xml:158:13-42
	android:name
		ADDED from src\main\AndroidManifest.xml:157:13-46
service#io.rong.imlib.ipc.RongService
ADDED from src\main\AndroidManifest.xml:160:9-162:37
	android:process
		ADDED from src\main\AndroidManifest.xml:162:13-35
	android:name
		ADDED from src\main\AndroidManifest.xml:161:13-57
service#io.rong.imlib.ReConnectService
ADDED from src\main\AndroidManifest.xml:163:9-65
	android:name
		ADDED from src\main\AndroidManifest.xml:163:18-63
receiver#io.rong.imlib.ConnectChangeReceiver
ADDED from src\main\AndroidManifest.xml:165:9-71
	android:name
		ADDED from src\main\AndroidManifest.xml:165:19-69
receiver#io.rong.imlib.ipc.PushMessageReceiver
ADDED from src\main\AndroidManifest.xml:166:9-170:20
	android:name
		ADDED from src\main\AndroidManifest.xml:166:19-71
intent-filter#io.rong.push.message
ADDED from src\main\AndroidManifest.xml:167:13-169:29
action#io.rong.push.message
ADDED from src\main\AndroidManifest.xml:168:17-62
	android:name
		ADDED from src\main\AndroidManifest.xml:168:25-60
receiver#io.rong.imlib.HeartbeatReceiver
ADDED from src\main\AndroidManifest.xml:171:9-173:37
	android:process
		ADDED from src\main\AndroidManifest.xml:173:13-35
	android:name
		ADDED from src\main\AndroidManifest.xml:172:13-59
service#io.rong.push.PushService
ADDED from src\main\AndroidManifest.xml:175:9-183:19
	android:process
		ADDED from src\main\AndroidManifest.xml:177:13-43
	android:name
		ADDED from src\main\AndroidManifest.xml:176:13-52
intent-filter#android.intent.category.DEFAULT+io.rong.push
ADDED from src\main\AndroidManifest.xml:178:13-182:29
category#android.intent.category.DEFAULT
ADDED from src\main\AndroidManifest.xml:179:17-75
	android:name
		ADDED from src\main\AndroidManifest.xml:179:27-73
action#io.rong.push
ADDED from src\main\AndroidManifest.xml:181:17-54
	android:name
		ADDED from src\main\AndroidManifest.xml:181:25-52
service#io.rong.push.CommandService
ADDED from src\main\AndroidManifest.xml:184:9-192:19
	android:process
		ADDED from src\main\AndroidManifest.xml:186:13-43
	android:name
		ADDED from src\main\AndroidManifest.xml:185:13-55
intent-filter#android.intent.category.DEFAULT+io.rong.command
ADDED from src\main\AndroidManifest.xml:187:13-191:29
action#io.rong.command
ADDED from src\main\AndroidManifest.xml:190:17-57
	android:name
		ADDED from src\main\AndroidManifest.xml:190:25-55
receiver#io.rong.push.PushReceiver
ADDED from src\main\AndroidManifest.xml:194:9-216:20
	android:process
		ADDED from src\main\AndroidManifest.xml:196:13-43
	android:name
		ADDED from src\main\AndroidManifest.xml:195:13-53
intent-filter#io.rong.imlib.action.push.heartbeat
ADDED from src\main\AndroidManifest.xml:197:13-199:29
action#io.rong.imlib.action.push.heartbeat
ADDED from src\main\AndroidManifest.xml:198:17-77
	android:name
		ADDED from src\main\AndroidManifest.xml:198:25-75
intent-filter#android.net.conn.CONNECTIVITY_CHANGE
ADDED from src\main\AndroidManifest.xml:200:13-202:29
action#android.net.conn.CONNECTIVITY_CHANGE
ADDED from src\main\AndroidManifest.xml:201:17-78
	android:name
		ADDED from src\main\AndroidManifest.xml:201:25-76
intent-filter#android.intent.action.BOOT_COMPLETED
ADDED from src\main\AndroidManifest.xml:203:13-205:29
action#android.intent.action.BOOT_COMPLETED
ADDED from src\main\AndroidManifest.xml:204:17-78
	android:name
		ADDED from src\main\AndroidManifest.xml:204:25-76
intent-filter#android.intent.action.ACTION_POWER_CONNECTED+android.intent.action.ACTION_POWER_DISCONNECTED+android.intent.action.USER_PRESENT
ADDED from src\main\AndroidManifest.xml:206:13-210:29
action#android.intent.action.USER_PRESENT
ADDED from src\main\AndroidManifest.xml:207:17-76
	android:name
		ADDED from src\main\AndroidManifest.xml:207:25-74
action#android.intent.action.ACTION_POWER_CONNECTED
ADDED from src\main\AndroidManifest.xml:208:17-86
	android:name
		ADDED from src\main\AndroidManifest.xml:208:25-84
action#android.intent.action.ACTION_POWER_DISCONNECTED
ADDED from src\main\AndroidManifest.xml:209:17-89
	android:name
		ADDED from src\main\AndroidManifest.xml:209:25-87
intent-filter#android.intent.action.PACKAGE_REMOVED
ADDED from src\main\AndroidManifest.xml:211:13-215:29
action#android.intent.action.PACKAGE_REMOVED
ADDED from src\main\AndroidManifest.xml:212:17-79
	android:name
		ADDED from src\main\AndroidManifest.xml:212:25-77
data
ADDED from src\main\AndroidManifest.xml:214:17-49
	android:scheme
		ADDED from src\main\AndroidManifest.xml:214:23-47
meta-data#com.amap.api.v2.apikey
ADDED from src\main\AndroidManifest.xml:220:9-222:63
	android:value
		ADDED from src\main\AndroidManifest.xml:222:13-61
	android:name
		ADDED from src\main\AndroidManifest.xml:221:13-50